
> nextjs-base-starter@0.1.0 type-check /Users/34v3r/Desktop/dev/Local-AI-Issue-Tracker
> tsc --noEmit

app/api/admin/user-roles/route.ts(27,6): error TS2769: No overload matches this call.
  Overload 1 of 2, '(values: never, options?: { onConflict?: string | undefined; ignoreDuplicates?: boolean | undefined; count?: "exact" | "planned" | "estimated" | undefined; } | undefined): PostgrestFilterBuilder<{ ...; }, ... 5 more ..., "POST">', gave the following error.
    Argument of type '{ user_id: any; role: any; }' is not assignable to parameter of type 'never'.
  Overload 2 of 2, '(values: never[], options?: { onConflict?: string | undefined; ignoreDuplicates?: boolean | undefined; count?: "exact" | "planned" | "estimated" | undefined; defaultToNull?: boolean | undefined; } | undefined): PostgrestFilterBuilder<...>', gave the following error.
    Object literal may only specify known properties, and 'user_id' does not exist in type 'never[]'.
app/api/tickets/[id]/route.ts(82,13): error TS2345: Argument of type 'any' is not assignable to parameter of type 'never'.
app/api/tickets/[id]/route.ts(89,40): error TS2769: No overload matches this call.
  Overload 1 of 2, '(values: never, options?: { count?: "exact" | "planned" | "estimated" | undefined; } | undefined): PostgrestFilterBuilder<{ PostgrestVersion: "12"; }, never, never, null, "ticket_events", never, "POST">', gave the following error.
    Argument of type '{ ticket_id: any; actor_id: string | null; event_type: string; payload: { fields: string[]; }; }' is not assignable to parameter of type 'never'.
  Overload 2 of 2, '(values: never[], options?: { count?: "exact" | "planned" | "estimated" | undefined; defaultToNull?: boolean | undefined; } | undefined): PostgrestFilterBuilder<{ PostgrestVersion: "12"; }, never, never, null, "ticket_events", never, "POST">', gave the following error.
    Object literal may only specify known properties, and 'ticket_id' does not exist in type 'never[]'.
app/api/tickets/[id]/route.ts(90,24): error TS2339: Property 'id' does not exist on type 'never'.
app/api/tickets/[id]/route.ts(101,24): error TS2339: Property 'id' does not exist on type 'never'.
app/api/tickets/[id]/status/route.ts(55,13): error TS2345: Argument of type 'any' is not assignable to parameter of type 'never'.
app/api/tickets/[id]/status/route.ts(62,40): error TS2769: No overload matches this call.
  Overload 1 of 2, '(values: never, options?: { count?: "exact" | "planned" | "estimated" | undefined; } | undefined): PostgrestFilterBuilder<{ PostgrestVersion: "12"; }, never, never, null, "ticket_events", never, "POST">', gave the following error.
    Argument of type '{ ticket_id: any; actor_id: string | null; event_type: string; payload: { from: any; to: any; }; }' is not assignable to parameter of type 'never'.
  Overload 2 of 2, '(values: never[], options?: { count?: "exact" | "planned" | "estimated" | undefined; defaultToNull?: boolean | undefined; } | undefined): PostgrestFilterBuilder<{ PostgrestVersion: "12"; }, never, never, null, "ticket_events", never, "POST">', gave the following error.
    Object literal may only specify known properties, and 'ticket_id' does not exist in type 'never[]'.
app/api/tickets/[id]/status/route.ts(63,24): error TS2339: Property 'id' does not exist on type 'never'.
app/api/tickets/[id]/status/route.ts(66,29): error TS2339: Property 'status' does not exist on type 'never'.
app/api/tickets/[id]/status/route.ts(74,24): error TS2339: Property 'id' does not exist on type 'never'.
app/api/tickets/[id]/status/route.ts(75,30): error TS2339: Property 'status' does not exist on type 'never'.
app/api/tickets/[id]/status/route.ts(76,30): error TS2339: Property 'status' does not exist on type 'never'.
app/api/tickets/route.ts(126,40): error TS2769: No overload matches this call.
  Overload 1 of 2, '(values: never, options?: { count?: "exact" | "planned" | "estimated" | undefined; } | undefined): PostgrestFilterBuilder<{ PostgrestVersion: "12"; }, never, never, null, "ticket_events", never, "POST">', gave the following error.
    Argument of type '{ ticket_id: any; actor_id: string | null; event_type: string; payload: { title: any; type: any; priority: any; status: any; topics: any; }; }' is not assignable to parameter of type 'never'.
  Overload 2 of 2, '(values: never[], options?: { count?: "exact" | "planned" | "estimated" | undefined; defaultToNull?: boolean | undefined; } | undefined): PostgrestFilterBuilder<{ PostgrestVersion: "12"; }, never, never, null, "ticket_events", never, "POST">', gave the following error.
    Object literal may only specify known properties, and 'ticket_id' does not exist in type 'never[]'.
lib/rag.ts(110,13): error TS2769: No overload matches this call.
  Overload 1 of 2, '(values: never, options?: { onConflict?: string | undefined; ignoreDuplicates?: boolean | undefined; count?: "exact" | "planned" | "estimated" | undefined; } | undefined): PostgrestFilterBuilder<{ ...; }, ... 5 more ..., "POST">', gave the following error.
    Argument of type '{ source_type: string; source_id: string; chunk_index: number; title: string; content: string; metadata: Record<string, unknown>; embedding: string; }[]' is not assignable to parameter of type 'never'.
  Overload 2 of 2, '(values: never[], options?: { onConflict?: string | undefined; ignoreDuplicates?: boolean | undefined; count?: "exact" | "planned" | "estimated" | undefined; defaultToNull?: boolean | undefined; } | undefined): PostgrestFilterBuilder<...>', gave the following error.
    Argument of type '{ source_type: string; source_id: string; chunk_index: number; title: string; content: string; metadata: Record<string, unknown>; embedding: string; }[]' is not assignable to parameter of type 'never[]'.
      Type '{ source_type: string; source_id: string; chunk_index: number; title: string; content: string; metadata: Record<string, unknown>; embedding: string; }' is not assignable to type 'never'.
lib/rag.ts(125,60): error TS2345: Argument of type '{ query_embedding: string; match_count: number; filter_source_type: string | null; }' is not assignable to parameter of type 'undefined'.
lib/sops.ts(22,10): error TS2769: No overload matches this call.
  Overload 1 of 2, '(values: never, options?: { count?: "exact" | "planned" | "estimated" | undefined; } | undefined): PostgrestFilterBuilder<{ PostgrestVersion: "12"; }, never, never, null, "sops", never, "POST">', gave the following error.
    Argument of type '{ title: string; problem_description: string; symptoms: string[]; root_cause: string; resolution_steps: string[]; validation_steps: string[]; rollback_procedures: string[]; references: string[]; tags: string[]; status: "Draft" | "Approved"; created_by: string | undefined; }' is not assignable to parameter of type 'never'.
  Overload 2 of 2, '(values: never[], options?: { count?: "exact" | "planned" | "estimated" | undefined; defaultToNull?: boolean | undefined; } | undefined): PostgrestFilterBuilder<{ PostgrestVersion: "12"; }, never, never, null, "sops", never, "POST">', gave the following error.
    Object literal may only specify known properties, and 'title' does not exist in type 'never[]'.
lib/sops.ts(75,17): error TS2345: Argument of type 'Partial<SopInput>' is not assignable to parameter of type 'never'.
lib/sync/github.ts(10,10): error TS2769: No overload matches this call.
  Overload 1 of 2, '(values: never, options?: { count?: "exact" | "planned" | "estimated" | undefined; } | undefined): PostgrestFilterBuilder<{ PostgrestVersion: "12"; }, never, never, null, "sync_logs", never, "POST">', gave the following error.
    Argument of type '{ source: string; status: string; items_processed: number; }' is not assignable to parameter of type 'never'.
  Overload 2 of 2, '(values: never[], options?: { count?: "exact" | "planned" | "estimated" | undefined; defaultToNull?: boolean | undefined; } | undefined): PostgrestFilterBuilder<{ PostgrestVersion: "12"; }, never, never, null, "sync_logs", never, "POST">', gave the following error.
    Object literal may only specify known properties, and 'source' does not exist in type 'never[]'.
lib/sync/github.ts(71,21): error TS2345: Argument of type '{ status: string; items_processed: number; finished_at: string; }' is not assignable to parameter of type 'never'.
lib/sync/github.ts(76,32): error TS2339: Property 'id' does not exist on type 'never'.
lib/sync/github.ts(83,21): error TS2345: Argument of type '{ status: string; error_message: string; finished_at: string; }' is not assignable to parameter of type 'never'.
lib/sync/github.ts(88,32): error TS2339: Property 'id' does not exist on type 'never'.
 ELIFECYCLE  Command failed with exit code 2.
